Timestamp: 2021-12-01 21:10:50.841783 | ProcessId: client_0 | Action: Initial configuration | Object: {'nvalidators': 4, 'nfaulty': 1, 'nclients': 1, 'nclientops': 5, 'sleeptime': 1, 'clienttimeout': 15, 'delta': 2, 'window_size': 5, 'exclude_size': 0, 'failure_config': FailureConfig(failures=[], seed=637713655)} |
Timestamp: 2021-12-01 21:10:50.854096 | ProcessId: client_0 | Event: Sent | MsgType: Request | To: ALL validators | Msg: {'req_id': '0_0', 'command': '0-0'}
Timestamp: 2021-12-01 21:10:50.856794 | ProcessId: client_0 | Event: Sent | MsgType: Request | To: ALL validators | Msg: {'req_id': '0_1', 'command': '0-1'}
Timestamp: 2021-12-01 21:10:50.858290 | ProcessId: client_0 | Event: Sent | MsgType: Request | To: ALL validators | Msg: {'req_id': '0_2', 'command': '0-2'}
Timestamp: 2021-12-01 21:10:50.859781 | ProcessId: client_0 | Event: Sent | MsgType: Request | To: ALL validators | Msg: {'req_id': '0_3', 'command': '0-3'}
Timestamp: 2021-12-01 21:10:50.861843 | ProcessId: client_0 | Event: Sent | MsgType: Request | To: ALL validators | Msg: {'req_id': '0_4', 'command': '0-4'}
Timestamp: 2021-12-01 21:10:50.883240 | ProcessId: client_0 | Event: Received | MsgType: Response | From: validator_0 | Msg: {'req_id': '0_0', 'resp_status': 'success'}
Timestamp: 2021-12-01 21:10:50.890465 | ProcessId: client_0 | Event: Received | MsgType: Response | From: validator_1 | Msg: {'req_id': '0_0', 'resp_status': 'success'}
Timestamp: 2021-12-01 21:10:50.890592 | ProcessId: client_0 | Action: Received f + 1 valid responses | Object: 0_0 |
Timestamp: 2021-12-01 21:10:50.891357 | ProcessId: client_0 | Event: Received | MsgType: Response | From: validator_3 | Msg: {'req_id': '0_0', 'resp_status': 'success'}
Timestamp: 2021-12-01 21:10:50.891545 | ProcessId: client_0 | Event: Received | MsgType: Response | From: validator_2 | Msg: {'req_id': '0_0', 'resp_status': 'success'}
Timestamp: 2021-12-01 21:10:50.903929 | ProcessId: client_0 | Event: Received | MsgType: Response | From: validator_0 | Msg: {'req_id': '0_1', 'resp_status': 'success'}
Timestamp: 2021-12-01 21:10:50.908491 | ProcessId: client_0 | Event: Received | MsgType: Response | From: validator_1 | Msg: {'req_id': '0_1', 'resp_status': 'success'}
Timestamp: 2021-12-01 21:10:50.908594 | ProcessId: client_0 | Action: Received f + 1 valid responses | Object: 0_1 |
Timestamp: 2021-12-01 21:10:50.909732 | ProcessId: client_0 | Event: Received | MsgType: Response | From: validator_2 | Msg: {'req_id': '0_1', 'resp_status': 'success'}
Timestamp: 2021-12-01 21:10:50.909982 | ProcessId: client_0 | Event: Received | MsgType: Response | From: validator_3 | Msg: {'req_id': '0_1', 'resp_status': 'success'}
Timestamp: 2021-12-01 21:10:50.925397 | ProcessId: client_0 | Event: Received | MsgType: Response | From: validator_0 | Msg: {'req_id': '0_2', 'resp_status': 'success'}
Timestamp: 2021-12-01 21:10:50.925602 | ProcessId: client_0 | Event: Received | MsgType: Response | From: parent_process | Msg: {'req_id': '0_2', 'resp_status': 'success'}
Timestamp: 2021-12-01 21:10:50.925697 | ProcessId: client_0 | Action: Received f + 1 valid responses | Object: 0_2 |
Timestamp: 2021-12-01 21:10:50.932021 | ProcessId: client_0 | Event: Received | MsgType: Response | From: validator_1 | Msg: {'req_id': '0_2', 'resp_status': 'success'}
Timestamp: 2021-12-01 21:10:50.932217 | ProcessId: client_0 | Event: Received | MsgType: Response | From: validator_2 | Msg: {'req_id': '0_2', 'resp_status': 'success'}
Timestamp: 2021-12-01 21:10:50.933607 | ProcessId: client_0 | Event: Received | MsgType: Response | From: validator_3 | Msg: {'req_id': '0_2', 'resp_status': 'success'}
Timestamp: 2021-12-01 21:10:50.941299 | ProcessId: client_0 | Event: Received | MsgType: Response | From: validator_1 | Msg: {'req_id': '0_3', 'resp_status': 'success'}
Timestamp: 2021-12-01 21:10:50.947173 | ProcessId: client_0 | Event: Received | MsgType: Response | From: validator_0 | Msg: {'req_id': '0_3', 'resp_status': 'success'}
Timestamp: 2021-12-01 21:10:50.947281 | ProcessId: client_0 | Action: Received f + 1 valid responses | Object: 0_3 |
Timestamp: 2021-12-01 21:10:50.947917 | ProcessId: client_0 | Event: Received | MsgType: Response | From: validator_2 | Msg: {'req_id': '0_3', 'resp_status': 'success'}
Timestamp: 2021-12-01 21:10:50.954805 | ProcessId: client_0 | Event: Received | MsgType: Response | From: validator_1 | Msg: {'req_id': '0_4', 'resp_status': 'success'}
Timestamp: 2021-12-01 21:10:50.960288 | ProcessId: client_0 | Event: Received | MsgType: Response | From: validator_0 | Msg: {'req_id': '0_4', 'resp_status': 'success'}
Timestamp: 2021-12-01 21:10:50.960464 | ProcessId: client_0 | Action: Received f + 1 valid responses | Object: 0_4 |
Timestamp: 2021-12-01 21:10:50.961407 | ProcessId: client_0 | Event: Sent | MsgType: Done | To: parent_process | Msg: None
