Timestamp: 2021-12-04 18:30:01.886784 | ProcessId: client_0 | Action: Initial configuration | Object: {'liveness_timeout_count': 7, 'nvalidators': 4, 'nfaulty': 1, 'nclients': 1, 'nclientops': 4, 'sleeptime': 1, 'clienttimeout': 15, 'delta': 2, 'window_size': 5, 'exclude_size': 0, 'failure_config': FailureConfig(failures=[], seed=637713655)} |
Timestamp: 2021-12-04 18:30:01.911889 | ProcessId: client_0 | Event: Sent | MsgType: Request | To: ALL validators | Msg: {'req_id': '0_0', 'command': '0-0'}
Timestamp: 2021-12-04 18:30:01.914092 | ProcessId: client_0 | Event: Sent | MsgType: Request | To: ALL validators | Msg: {'req_id': '0_1', 'command': '0-1'}
Timestamp: 2021-12-04 18:30:01.916357 | ProcessId: client_0 | Event: Sent | MsgType: Request | To: ALL validators | Msg: {'req_id': '0_2', 'command': '0-2'}
Timestamp: 2021-12-04 18:30:01.918227 | ProcessId: client_0 | Event: Sent | MsgType: Request | To: ALL validators | Msg: {'req_id': '0_3', 'command': '0-3'}
Timestamp: 2021-12-04 18:30:01.958971 | ProcessId: client_0 | Event: Received | MsgType: Response | From: validator_3 | Msg: {'req_id': '0_0', 'resp_status': 'success'}
Timestamp: 2021-12-04 18:30:01.966721 | ProcessId: client_0 | Event: Received | MsgType: Response | From: validator_0 | Msg: {'req_id': '0_0', 'resp_status': 'success'}
Timestamp: 2021-12-04 18:30:01.966839 | ProcessId: client_0 | Action: Received f + 1 valid responses | Object: 0_0 |
Timestamp: 2021-12-04 18:30:01.968037 | ProcessId: client_0 | Event: Received | MsgType: Response | From: validator_1 | Msg: {'req_id': '0_0', 'resp_status': 'success'}
Timestamp: 2021-12-04 18:30:01.968250 | ProcessId: client_0 | Event: Received | MsgType: Response | From: validator_2 | Msg: {'req_id': '0_0', 'resp_status': 'success'}
Timestamp: 2021-12-04 18:30:01.979537 | ProcessId: client_0 | Event: Received | MsgType: Response | From: validator_3 | Msg: {'req_id': '0_1', 'resp_status': 'success'}
Timestamp: 2021-12-04 18:30:01.988011 | ProcessId: client_0 | Event: Received | MsgType: Response | From: validator_1 | Msg: {'req_id': '0_1', 'resp_status': 'success'}
Timestamp: 2021-12-04 18:30:01.988167 | ProcessId: client_0 | Action: Received f + 1 valid responses | Object: 0_1 |
Timestamp: 2021-12-04 18:30:01.988407 | ProcessId: client_0 | Event: Received | MsgType: Response | From: validator_2 | Msg: {'req_id': '0_1', 'resp_status': 'success'}
Timestamp: 2021-12-04 18:30:01.995620 | ProcessId: client_0 | Event: Received | MsgType: Response | From: validator_3 | Msg: {'req_id': '0_2', 'resp_status': 'success'}
Timestamp: 2021-12-04 18:30:02.002945 | ProcessId: client_0 | Event: Received | MsgType: Response | From: validator_1 | Msg: {'req_id': '0_2', 'resp_status': 'success'}
Timestamp: 2021-12-04 18:30:02.003131 | ProcessId: client_0 | Action: Received f + 1 valid responses | Object: 0_2 |
Timestamp: 2021-12-04 18:30:02.003324 | ProcessId: client_0 | Event: Received | MsgType: Response | From: validator_2 | Msg: {'req_id': '0_2', 'resp_status': 'success'}
Timestamp: 2021-12-04 18:30:02.018495 | ProcessId: client_0 | Event: Received | MsgType: Response | From: validator_3 | Msg: {'req_id': '0_3', 'resp_status': 'success'}
Timestamp: 2021-12-04 18:30:02.025178 | ProcessId: client_0 | Event: Received | MsgType: Response | From: validator_1 | Msg: {'req_id': '0_3', 'resp_status': 'success'}
Timestamp: 2021-12-04 18:30:02.025294 | ProcessId: client_0 | Action: Received f + 1 valid responses | Object: 0_3 |
Timestamp: 2021-12-04 18:30:02.025775 | ProcessId: client_0 | Event: Sent | MsgType: Done | To: parent_process | Msg: None
