Timestamp: 2021-12-04 18:49:39.920944 | ProcessId:  | Action: Config : {'no_of_twins': 1, 'no_of_rounds': 7, 'no_of_replicas': 4, 'timeout_msg_drop_cnt': 4, 'round_configs': {1: {'leader': <ValidatorFI:7d405>, 'partitions': [[<ValidatorFI:7d405>, <ValidatorFI:7d404>, <ValidatorFI:7d406>, <ValidatorFI:7d403>], [<ValidatorFI:7d407>]], 'MsgType': ''}, 2: {'leader': <ValidatorFI:7d405>, 'partitions': [[<ValidatorFI:7d405>, <ValidatorFI:7d404>, <ValidatorFI:7d406>, <ValidatorFI:7d407>, <ValidatorFI:7d403>]], 'MsgType': ''}, 3: {'leader': <ValidatorFI:7d405>, 'partitions': [[<ValidatorFI:7d405>, <ValidatorFI:7d404>, <ValidatorFI:7d403>, <ValidatorFI:7d407>, <ValidatorFI:7d406>]], 'MsgType': ''}, 4: {'leader': <ValidatorFI:7d405>, 'partitions': [[<ValidatorFI:7d405>, <ValidatorFI:7d404>, <ValidatorFI:7d403>], [<ValidatorFI:7d406>, <ValidatorFI:7d407>]], 'MsgType': ''}, 5: {'leader': <ValidatorFI:7d404>, 'partitions': [[<ValidatorFI:7d405>, <ValidatorFI:7d404>, <ValidatorFI:7d406>], [<ValidatorFI:7d407>, <ValidatorFI:7d403>]], 'MsgType': ''}, 6: {'leader': <ValidatorFI:7d404>, 'partitions': [[<ValidatorFI:7d405>, <ValidatorFI:7d404>, <ValidatorFI:7d406>], [<ValidatorFI:7d407>, <ValidatorFI:7d403>]], 'MsgType': ''}, 7: {'leader': <ValidatorFI:7d404>, 'partitions': [[<ValidatorFI:7d405>, <ValidatorFI:7d404>, <ValidatorFI:7d406>], [<ValidatorFI:7d407>, <ValidatorFI:7d403>]], 'MsgType': ''}}} |
Timestamp: 2021-12-04 18:49:39.921162 | ProcessId:  | Action: Twins : {<ValidatorFI:7d407>: <ValidatorFI:7d405>} |
Timestamp: 2021-12-04 18:49:39.933914 | ProcessId:  | Event: <ValidatorFI:7d405> : Received | MsgType: Proposal | To: validator_0 | Msg: {'block': {'author': 0, 'round': 1, 'payload': [{'req_id': '0_0', 'command': '0-0', 'client': [7206910723751065398268936, 1, {}, '', '', '127.0.0.1', [50564, 52577]]}], 'qc': None, 'id': [55, 48, 50, 99, 55, 54, 98, 99, 49, 56, 97, 48, 51, 49, 50, 51, 100, 97, 55, 51, 49, 99, 55, 49, 52, 50, 49, 54, 98, 54, 49, 52, 100, 49, 101, 101, 97, 50, 51, 101, 97, 51, 102, 100, 100, 102, 53, 99, 102, 102, 48, 52, 48, 52, 50, 101, 50, 50, 49, 97, 50, 102, 57, 56], 'author_signature': {}}, 'last_round_tc': None, 'high_commit_qc': None, 'sender': 0, 'signature': {}}
Timestamp: 2021-12-04 18:49:39.934241 | ProcessId:  | Action: Sending Proposal Msg to [<ValidatorFI:7d405>, <ValidatorFI:7d404>, <ValidatorFI:7d406>, <ValidatorFI:7d403>] |
Timestamp: 2021-12-04 18:49:39.936252 | ProcessId:  | Event: <ValidatorFI:7d407> : Received | MsgType: Proposal | To: parent_process | Msg: {'block': {'author': 0, 'round': 1, 'payload': [{'req_id': '0_0', 'command': '0-0_twin', 'client': [7206910723751065398268936, 1, {}, '', '', '127.0.0.1', [50564, 52577]]}], 'qc': None, 'id': [54, 99, 51, 51, 48, 52, 48, 49, 51, 53, 98, 49, 101, 98, 99, 49, 49, 55, 99, 49, 56, 100, 56, 102, 101, 55, 53, 53, 53, 55, 52, 50, 48, 56, 48, 98, 54, 52, 49, 55, 100, 53, 97, 49, 50, 50, 102, 102, 52, 55, 57, 98, 99, 55, 50, 100, 50, 48, 48, 51, 51, 51, 48, 99], 'author_signature': {}}, 'last_round_tc': None, 'high_commit_qc': None, 'sender': 0, 'signature': {}}
Timestamp: 2021-12-04 18:49:39.936448 | ProcessId:  | Action: Sending Proposal Msg to [<ValidatorFI:7d407>] |
Timestamp: 2021-12-04 18:49:39.940348 | ProcessId:  | Action: Received Vote Msg from: <ValidatorFI:7d404>, for:<ValidatorFI:7d405>  |
Timestamp: 2021-12-04 18:49:39.941278 | ProcessId:  | Action: Sending Vote Msg to: <ValidatorFI:7d405>  |
Timestamp: 2021-12-04 18:49:39.942045 | ProcessId:  | Action: Received Vote Msg from: <ValidatorFI:7d406>, for:<ValidatorFI:7d405>  |
Timestamp: 2021-12-04 18:49:39.942143 | ProcessId:  | Action: Sending Vote Msg to: <ValidatorFI:7d405>  |
Timestamp: 2021-12-04 18:49:39.943389 | ProcessId:  | Action: Received Vote Msg from: <ValidatorFI:7d403>, for:<ValidatorFI:7d405>  |
Timestamp: 2021-12-04 18:49:39.943513 | ProcessId:  | Action: Sending Vote Msg to: <ValidatorFI:7d405>  |
Timestamp: 2021-12-04 18:49:39.944490 | ProcessId:  | Action: Received Vote Msg from: <ValidatorFI:7d407>, for:<ValidatorFI:7d405>  |
Timestamp: 2021-12-04 18:49:39.944575 | ProcessId:  | Action: Sending Vote Msg to twin : <ValidatorFI:7d407>  |
Timestamp: 2021-12-04 18:49:39.945122 | ProcessId:  | Action: Received Vote Msg from: <ValidatorFI:7d405>, for:<ValidatorFI:7d405>  |
Timestamp: 2021-12-04 18:49:39.945221 | ProcessId:  | Action: Sending Vote Msg to: <ValidatorFI:7d405>  |
Timestamp: 2021-12-04 18:49:47.926579 | ProcessId:  | Event: Received | MsgType: Timeout | From: validator_1 | Msg: {'tmo_info': {'round': 1, 'high_qc': None, 'author': 1, 'author_signature': {}}, 'last_round_tc': None, 'high_commit_qc': None}
Timestamp: 2021-12-04 18:49:47.926711 | ProcessId:  | DEBUG: Timeout Msgs Drop Count : 4 |
Timestamp: 2021-12-04 18:49:47.927063 | ProcessId:  | Event: Received | MsgType: Timeout | From: validator_0 | Msg: {'tmo_info': {'round': 1, 'high_qc': None, 'author': 0, 'author_signature': {}}, 'last_round_tc': None, 'high_commit_qc': None}
Timestamp: 2021-12-04 18:49:47.927224 | ProcessId:  | DEBUG: Timeout Msgs Drop Count : 3 |
Timestamp: 2021-12-04 18:49:47.927760 | ProcessId:  | Event: Received | MsgType: Timeout | From: validator_2 | Msg: {'tmo_info': {'round': 1, 'high_qc': None, 'author': 2, 'author_signature': {}}, 'last_round_tc': None, 'high_commit_qc': None}
Timestamp: 2021-12-04 18:49:47.928495 | ProcessId:  | DEBUG: Timeout Msgs Drop Count : 2 |
Timestamp: 2021-12-04 18:49:47.928916 | ProcessId:  | Event: Received | MsgType: Timeout | From: validator_3 | Msg: {'tmo_info': {'round': 1, 'high_qc': None, 'author': 3, 'author_signature': {}}, 'last_round_tc': None, 'high_commit_qc': None}
Timestamp: 2021-12-04 18:49:47.929053 | ProcessId:  | DEBUG: Timeout Msgs Drop Count : 1 |
Timestamp: 2021-12-04 18:49:47.929447 | ProcessId:  | Event: Received | MsgType: Timeout | From: parent_process | Msg: {'tmo_info': {'round': 1, 'high_qc': None, 'author': 0, 'author_signature': {}}, 'last_round_tc': None, 'high_commit_qc': None}
Timestamp: 2021-12-04 18:49:47.929571 | ProcessId:  | DEBUG: Timeout Msgs Drop Count : 0 |
Timestamp: 2021-12-04 18:49:47.929685 | ProcessId:  | Action: Sending Timeout Msg to [<ValidatorFI:7d407>] |
