Timestamp: 2021-12-01 22:30:53.176266 | ProcessId: client_0 | Action: Initial configuration | Object: {'liveness_timeout_count': 7, 'nvalidators': 4, 'nfaulty': 1, 'nclients': 1, 'nclientops': 4, 'sleeptime': 1, 'clienttimeout': 15, 'delta': 2, 'window_size': 5, 'exclude_size': 0, 'failure_config': FailureConfig(failures=[], seed=637713655)} |
Timestamp: 2021-12-01 22:30:53.189502 | ProcessId: client_0 | Event: Sent | MsgType: Request | To: ALL validators | Msg: {'req_id': '0_0', 'command': '0-0'}
Timestamp: 2021-12-01 22:30:53.192570 | ProcessId: client_0 | Event: Sent | MsgType: Request | To: ALL validators | Msg: {'req_id': '0_1', 'command': '0-1'}
Timestamp: 2021-12-01 22:30:53.195407 | ProcessId: client_0 | Event: Sent | MsgType: Request | To: ALL validators | Msg: {'req_id': '0_2', 'command': '0-2'}
Timestamp: 2021-12-01 22:30:53.197850 | ProcessId: client_0 | Event: Sent | MsgType: Request | To: ALL validators | Msg: {'req_id': '0_3', 'command': '0-3'}
Timestamp: 2021-12-01 22:30:53.221030 | ProcessId: client_0 | Event: Received | MsgType: Response | From: validator_2 | Msg: {'req_id': '0_0', 'resp_status': 'success'}
Timestamp: 2021-12-01 22:30:53.234147 | ProcessId: client_0 | Event: Received | MsgType: Response | From: validator_0 | Msg: {'req_id': '0_0', 'resp_status': 'success'}
Timestamp: 2021-12-01 22:30:53.234257 | ProcessId: client_0 | Action: Received f + 1 valid responses | Object: 0_0 |
Timestamp: 2021-12-01 22:30:53.234472 | ProcessId: client_0 | Event: Received | MsgType: Response | From: validator_1 | Msg: {'req_id': '0_0', 'resp_status': 'success'}
Timestamp: 2021-12-01 22:30:53.234928 | ProcessId: client_0 | Event: Received | MsgType: Response | From: validator_3 | Msg: {'req_id': '0_0', 'resp_status': 'success'}
Timestamp: 2021-12-01 22:30:53.235085 | ProcessId: client_0 | Event: Received | MsgType: Response | From: parent_process | Msg: {'req_id': '0_0', 'resp_status': 'success'}
Timestamp: 2021-12-01 22:30:53.243400 | ProcessId: client_0 | Event: Received | MsgType: Response | From: validator_1 | Msg: {'req_id': '0_1', 'resp_status': 'success'}
Timestamp: 2021-12-01 22:30:53.253996 | ProcessId: client_0 | Event: Received | MsgType: Response | From: validator_0 | Msg: {'req_id': '0_1', 'resp_status': 'success'}
Timestamp: 2021-12-01 22:30:53.254146 | ProcessId: client_0 | Action: Received f + 1 valid responses | Object: 0_1 |
Timestamp: 2021-12-01 22:30:53.254604 | ProcessId: client_0 | Event: Received | MsgType: Response | From: validator_3 | Msg: {'req_id': '0_1', 'resp_status': 'success'}
Timestamp: 2021-12-01 22:30:53.255009 | ProcessId: client_0 | Event: Received | MsgType: Response | From: parent_process | Msg: {'req_id': '0_1', 'resp_status': 'success'}
Timestamp: 2021-12-01 22:30:53.257441 | ProcessId: client_0 | Event: Received | MsgType: Response | From: validator_2 | Msg: {'req_id': '0_1', 'resp_status': 'success'}
Timestamp: 2021-12-01 22:30:53.264602 | ProcessId: client_0 | Event: Received | MsgType: Response | From: validator_0 | Msg: {'req_id': '0_2', 'resp_status': 'success'}
Timestamp: 2021-12-01 22:30:53.265409 | ProcessId: client_0 | Event: Received | MsgType: Response | From: parent_process | Msg: {'req_id': '0_2', 'resp_status': 'success'}
Timestamp: 2021-12-01 22:30:53.265481 | ProcessId: client_0 | Action: Received f + 1 valid responses | Object: 0_2 |
Timestamp: 2021-12-01 22:30:53.273523 | ProcessId: client_0 | Event: Received | MsgType: Response | From: validator_1 | Msg: {'req_id': '0_2', 'resp_status': 'success'}
Timestamp: 2021-12-01 22:30:53.276089 | ProcessId: client_0 | Event: Received | MsgType: Response | From: validator_2 | Msg: {'req_id': '0_2', 'resp_status': 'success'}
Timestamp: 2021-12-01 22:30:53.276287 | ProcessId: client_0 | Event: Received | MsgType: Response | From: validator_3 | Msg: {'req_id': '0_2', 'resp_status': 'success'}
Timestamp: 2021-12-01 22:30:53.289761 | ProcessId: client_0 | Event: Received | MsgType: Response | From: validator_3 | Msg: {'req_id': '0_3', 'resp_status': 'success'}
Timestamp: 2021-12-01 22:30:53.307109 | ProcessId: client_0 | Event: Received | MsgType: Response | From: validator_0 | Msg: {'req_id': '0_3', 'resp_status': 'success'}
Timestamp: 2021-12-01 22:30:53.307230 | ProcessId: client_0 | Action: Received f + 1 valid responses | Object: 0_3 |
Timestamp: 2021-12-01 22:30:53.308779 | ProcessId: client_0 | Event: Sent | MsgType: Done | To: parent_process | Msg: None
