Timestamp: 2021-12-01 21:49:29.729103 | ProcessId: client_0 | Action: Initial configuration | Object: {'nvalidators': 4, 'nfaulty': 1, 'nclients': 1, 'nclientops': 5, 'sleeptime': 1, 'clienttimeout': 15, 'delta': 2, 'window_size': 5, 'exclude_size': 0, 'failure_config': FailureConfig(failures=[], seed=637713655)} |
Timestamp: 2021-12-01 21:49:29.743876 | ProcessId: client_0 | Event: Sent | MsgType: Request | To: ALL validators | Msg: {'req_id': '0_0', 'command': '0-0'}
Timestamp: 2021-12-01 21:49:29.745900 | ProcessId: client_0 | Event: Sent | MsgType: Request | To: ALL validators | Msg: {'req_id': '0_1', 'command': '0-1'}
Timestamp: 2021-12-01 21:49:29.748287 | ProcessId: client_0 | Event: Sent | MsgType: Request | To: ALL validators | Msg: {'req_id': '0_2', 'command': '0-2'}
Timestamp: 2021-12-01 21:49:29.750335 | ProcessId: client_0 | Event: Sent | MsgType: Request | To: ALL validators | Msg: {'req_id': '0_3', 'command': '0-3'}
Timestamp: 2021-12-01 21:49:29.752468 | ProcessId: client_0 | Event: Sent | MsgType: Request | To: ALL validators | Msg: {'req_id': '0_4', 'command': '0-4'}
Timestamp: 2021-12-01 21:49:37.784276 | ProcessId: client_0 | Event: Received | MsgType: Response | From: validator_0 | Msg: {'req_id': '0_1', 'resp_status': 'success'}
Timestamp: 2021-12-01 21:49:37.785170 | ProcessId: client_0 | Event: Received | MsgType: Response | From: parent_process | Msg: {'req_id': '0_1', 'resp_status': 'success'}
Timestamp: 2021-12-01 21:49:37.785350 | ProcessId: client_0 | Action: Received f + 1 valid responses | Object: 0_1 |
Timestamp: 2021-12-01 21:49:37.792339 | ProcessId: client_0 | Event: Received | MsgType: Response | From: validator_2 | Msg: {'req_id': '0_1', 'resp_status': 'success'}
Timestamp: 2021-12-01 21:49:37.795566 | ProcessId: client_0 | Event: Received | MsgType: Response | From: validator_1 | Msg: {'req_id': '0_1', 'resp_status': 'success'}
Timestamp: 2021-12-01 21:49:37.795823 | ProcessId: client_0 | Event: Received | MsgType: Response | From: validator_3 | Msg: {'req_id': '0_1', 'resp_status': 'success'}
Timestamp: 2021-12-01 21:49:37.804342 | ProcessId: client_0 | Event: Received | MsgType: Response | From: validator_1 | Msg: {'req_id': '0_2', 'resp_status': 'success'}
Timestamp: 2021-12-01 21:49:37.809969 | ProcessId: client_0 | Event: Received | MsgType: Response | From: validator_0 | Msg: {'req_id': '0_2', 'resp_status': 'success'}
Timestamp: 2021-12-01 21:49:37.810047 | ProcessId: client_0 | Action: Received f + 1 valid responses | Object: 0_2 |
Timestamp: 2021-12-01 21:49:37.810910 | ProcessId: client_0 | Event: Received | MsgType: Response | From: validator_2 | Msg: {'req_id': '0_2', 'resp_status': 'success'}
Timestamp: 2021-12-01 21:49:44.745079 | ProcessId: client_0 | Action: Retransmitting Request | Object: {'req_id': '0_0', 'command': '0-0'} |
Timestamp: 2021-12-01 21:49:44.746773 | ProcessId: client_0 | Event: Sent | MsgType: Request | To: ALL validators | Msg: {'req_id': '0_0', 'command': '0-0'}
Timestamp: 2021-12-01 21:49:44.751287 | ProcessId: client_0 | Action: Retransmitting Request | Object: {'req_id': '0_3', 'command': '0-3'} |
Timestamp: 2021-12-01 21:49:44.752750 | ProcessId: client_0 | Event: Sent | MsgType: Request | To: ALL validators | Msg: {'req_id': '0_3', 'command': '0-3'}
Timestamp: 2021-12-01 21:49:44.753305 | ProcessId: client_0 | Action: Retransmitting Request | Object: {'req_id': '0_4', 'command': '0-4'} |
Timestamp: 2021-12-01 21:49:44.754751 | ProcessId: client_0 | Event: Sent | MsgType: Request | To: ALL validators | Msg: {'req_id': '0_4', 'command': '0-4'}
